                                      1 ;--------------------------------------------------------
                                      2 ; File Created by SDCC : free open source ANSI-C Compiler
                                      3 ; Version 4.0.0 #11528 (Linux)
                                      4 ;--------------------------------------------------------
                                      5 	.module flash_driver
                                      6 	.optsdcc -mstm8
                                      7 	
                                      8 ;--------------------------------------------------------
                                      9 ; Public variables in this module
                                     10 ;--------------------------------------------------------
                                     11 	.globl _spi_cs_idle
                                     12 	.globl _spi_cs_active
                                     13 	.globl _spi_read_8bits
                                     14 	.globl _spi_write_8bits
                                     15 	.globl _spi_write_24bits
                                     16 	.globl _flash_write_to_addr
                                     17 	.globl _flash_read_from_addr
                                     18 	.globl _flash_set_write_addr
                                     19 	.globl _flash_set_read_addr
                                     20 	.globl _flash_write_nbytes
                                     21 	.globl _flash_read_nbytes
                                     22 	.globl _flash_read_sreg
                                     23 	.globl _flash_write_sreg
                                     24 	.globl _flash_busy_wait
                                     25 	.globl _flash_erase_block
                                     26 	.globl _flash_write_enable
                                     27 	.globl _flash_erase_chip
                                     28 ;--------------------------------------------------------
                                     29 ; ram data
                                     30 ;--------------------------------------------------------
                                     31 	.area DATA
                                     32 ;--------------------------------------------------------
                                     33 ; ram data
                                     34 ;--------------------------------------------------------
                                     35 	.area INITIALIZED
                                     36 ;--------------------------------------------------------
                                     37 ; absolute external ram data
                                     38 ;--------------------------------------------------------
                                     39 	.area DABS (ABS)
                                     40 
                                     41 ; default segment ordering for linker
                                     42 	.area HOME
                                     43 	.area GSINIT
                                     44 	.area GSFINAL
                                     45 	.area CONST
                                     46 	.area INITIALIZER
                                     47 	.area CODE
                                     48 
                                     49 ;--------------------------------------------------------
                                     50 ; global & static initialisations
                                     51 ;--------------------------------------------------------
                                     52 	.area HOME
                                     53 	.area GSINIT
                                     54 	.area GSFINAL
                                     55 	.area GSINIT
                                     56 ;--------------------------------------------------------
                                     57 ; Home
                                     58 ;--------------------------------------------------------
                                     59 	.area HOME
                                     60 	.area HOME
                                     61 ;--------------------------------------------------------
                                     62 ; code
                                     63 ;--------------------------------------------------------
                                     64 	.area CODE
                                     65 ;	src/flash_driver.c: 13: void flash_write_to_addr(uint32_t addr, uint8_t *buff, uint16_t nbytes)
                                     66 ;	-----------------------------------------
                                     67 ;	 function flash_write_to_addr
                                     68 ;	-----------------------------------------
      000000                         69 _flash_write_to_addr:
                                     70 ;	src/flash_driver.c: 15: if (buff == NULL)
      000000 1E 07            [ 2]   71 	ldw	x, (0x07, sp)
      000002 26 01            [ 1]   72 	jrne	00102$
                                     73 ;	src/flash_driver.c: 16: return;
      000004 81               [ 4]   74 	ret
      000005                         75 00102$:
                                     76 ;	src/flash_driver.c: 17: spi_cs_active();
      000005 CDr00r00         [ 4]   77 	call	_spi_cs_active
                                     78 ;	src/flash_driver.c: 18: flash_set_write_addr(addr);
      000008 1E 05            [ 2]   79 	ldw	x, (0x05, sp)
      00000A 89               [ 2]   80 	pushw	x
      00000B 1E 05            [ 2]   81 	ldw	x, (0x05, sp)
      00000D 89               [ 2]   82 	pushw	x
      00000E CDr00r42         [ 4]   83 	call	_flash_set_write_addr
      000011 5B 04            [ 2]   84 	addw	sp, #4
                                     85 ;	src/flash_driver.c: 19: flash_write_nbytes(buff, nbytes);
      000013 1E 09            [ 2]   86 	ldw	x, (0x09, sp)
      000015 89               [ 2]   87 	pushw	x
      000016 1E 09            [ 2]   88 	ldw	x, (0x09, sp)
      000018 89               [ 2]   89 	pushw	x
      000019 CDr00r66         [ 4]   90 	call	_flash_write_nbytes
      00001C 5B 04            [ 2]   91 	addw	sp, #4
                                     92 ;	src/flash_driver.c: 20: spi_cs_idle();
                                     93 ;	src/flash_driver.c: 21: }
      00001E CCr00r00         [ 2]   94 	jp	_spi_cs_idle
                                     95 ;	src/flash_driver.c: 30: void flash_read_from_addr(uint32_t addr, uint8_t *buff, uint16_t nbytes)
                                     96 ;	-----------------------------------------
                                     97 ;	 function flash_read_from_addr
                                     98 ;	-----------------------------------------
      000021                         99 _flash_read_from_addr:
                                    100 ;	src/flash_driver.c: 32: if (buff == NULL)
      000021 1E 07            [ 2]  101 	ldw	x, (0x07, sp)
      000023 26 01            [ 1]  102 	jrne	00102$
                                    103 ;	src/flash_driver.c: 33: return;
      000025 81               [ 4]  104 	ret
      000026                        105 00102$:
                                    106 ;	src/flash_driver.c: 34: spi_cs_active();
      000026 CDr00r00         [ 4]  107 	call	_spi_cs_active
                                    108 ;	src/flash_driver.c: 35: flash_set_read_addr(addr);
      000029 1E 05            [ 2]  109 	ldw	x, (0x05, sp)
      00002B 89               [ 2]  110 	pushw	x
      00002C 1E 05            [ 2]  111 	ldw	x, (0x05, sp)
      00002E 89               [ 2]  112 	pushw	x
      00002F CDr00r54         [ 4]  113 	call	_flash_set_read_addr
      000032 5B 04            [ 2]  114 	addw	sp, #4
                                    115 ;	src/flash_driver.c: 36: flash_read_nbytes(buff, nbytes);
      000034 1E 09            [ 2]  116 	ldw	x, (0x09, sp)
      000036 89               [ 2]  117 	pushw	x
      000037 1E 09            [ 2]  118 	ldw	x, (0x09, sp)
      000039 89               [ 2]  119 	pushw	x
      00003A CDr00r89         [ 4]  120 	call	_flash_read_nbytes
      00003D 5B 04            [ 2]  121 	addw	sp, #4
                                    122 ;	src/flash_driver.c: 37: spi_cs_idle();
                                    123 ;	src/flash_driver.c: 38: }
      00003F CCr00r00         [ 2]  124 	jp	_spi_cs_idle
                                    125 ;	src/flash_driver.c: 45: void flash_set_write_addr(uint32_t addr)
                                    126 ;	-----------------------------------------
                                    127 ;	 function flash_set_write_addr
                                    128 ;	-----------------------------------------
      000042                        129 _flash_set_write_addr:
                                    130 ;	src/flash_driver.c: 47: spi_write_8bits(CMD_PAGE_WRITE);
      000042 4B 02            [ 1]  131 	push	#0x02
      000044 CDr00r00         [ 4]  132 	call	_spi_write_8bits
      000047 84               [ 1]  133 	pop	a
                                    134 ;	src/flash_driver.c: 48: spi_write_24bits(addr);
      000048 1E 05            [ 2]  135 	ldw	x, (0x05, sp)
      00004A 89               [ 2]  136 	pushw	x
      00004B 1E 05            [ 2]  137 	ldw	x, (0x05, sp)
      00004D 89               [ 2]  138 	pushw	x
      00004E CDr00r00         [ 4]  139 	call	_spi_write_24bits
      000051 5B 04            [ 2]  140 	addw	sp, #4
                                    141 ;	src/flash_driver.c: 49: }
      000053 81               [ 4]  142 	ret
                                    143 ;	src/flash_driver.c: 56: void flash_set_read_addr(uint32_t addr)
                                    144 ;	-----------------------------------------
                                    145 ;	 function flash_set_read_addr
                                    146 ;	-----------------------------------------
      000054                        147 _flash_set_read_addr:
                                    148 ;	src/flash_driver.c: 58: spi_write_8bits(CMD_READ_ARRAY);
      000054 4B 03            [ 1]  149 	push	#0x03
      000056 CDr00r00         [ 4]  150 	call	_spi_write_8bits
      000059 84               [ 1]  151 	pop	a
                                    152 ;	src/flash_driver.c: 59: spi_write_24bits(addr);
      00005A 1E 05            [ 2]  153 	ldw	x, (0x05, sp)
      00005C 89               [ 2]  154 	pushw	x
      00005D 1E 05            [ 2]  155 	ldw	x, (0x05, sp)
      00005F 89               [ 2]  156 	pushw	x
      000060 CDr00r00         [ 4]  157 	call	_spi_write_24bits
      000063 5B 04            [ 2]  158 	addw	sp, #4
                                    159 ;	src/flash_driver.c: 60: }
      000065 81               [ 4]  160 	ret
                                    161 ;	src/flash_driver.c: 71: void flash_write_nbytes(uint8_t *buff, uint16_t nbytes)
                                    162 ;	-----------------------------------------
                                    163 ;	 function flash_write_nbytes
                                    164 ;	-----------------------------------------
      000066                        165 _flash_write_nbytes:
                                    166 ;	src/flash_driver.c: 73: if (buff == NULL)
      000066 1E 03            [ 2]  167 	ldw	x, (0x03, sp)
      000068 26 01            [ 1]  168 	jrne	00118$
                                    169 ;	src/flash_driver.c: 74: return;
      00006A 81               [ 4]  170 	ret
                                    171 ;	src/flash_driver.c: 76: while (i < nbytes)
      00006B                        172 00118$:
      00006B 5F               [ 1]  173 	clrw	x
      00006C                        174 00109$:
      00006C 13 05            [ 2]  175 	cpw	x, (0x05, sp)
      00006E 25 01            [ 1]  176 	jrc	00141$
      000070 81               [ 4]  177 	ret
      000071                        178 00141$:
                                    179 ;	src/flash_driver.c: 78: SPI_WRITE8(buff[i]);    // since fast operation is required, directly calling the macro here
      000071 90 93            [ 1]  180 	ldw	y, x
      000073 72 F9 03         [ 2]  181 	addw	y, (0x03, sp)
      000076 90 F6            [ 1]  182 	ld	a, (y)
      000078 C7 52 04         [ 1]  183 	ld	0x5204, a
      00007B                        184 00103$:
      00007B C6 52 03         [ 1]  185 	ld	a, 0x5203
      00007E A5 02            [ 1]  186 	bcp	a, #0x02
      000080 27 F9            [ 1]  187 	jreq	00103$
      000082 C6 52 04         [ 1]  188 	ld	a, 0x5204
                                    189 ;	src/flash_driver.c: 79: i++;
      000085 5C               [ 1]  190 	incw	x
      000086 20 E4            [ 2]  191 	jra	00109$
                                    192 ;	src/flash_driver.c: 81: }
      000088 81               [ 4]  193 	ret
                                    194 ;	src/flash_driver.c: 92: void flash_read_nbytes(uint8_t *buff, uint16_t nbytes)
                                    195 ;	-----------------------------------------
                                    196 ;	 function flash_read_nbytes
                                    197 ;	-----------------------------------------
      000089                        198 _flash_read_nbytes:
                                    199 ;	src/flash_driver.c: 94: if (buff == NULL)
      000089 1E 03            [ 2]  200 	ldw	x, (0x03, sp)
      00008B 26 01            [ 1]  201 	jrne	00126$
                                    202 ;	src/flash_driver.c: 95: return;
      00008D 81               [ 4]  203 	ret
                                    204 ;	src/flash_driver.c: 97: while (i < nbytes)
      00008E                        205 00126$:
      00008E 5F               [ 1]  206 	clrw	x
      00008F                        207 00115$:
      00008F 13 05            [ 2]  208 	cpw	x, (0x05, sp)
      000091 25 01            [ 1]  209 	jrc	00157$
      000093 81               [ 4]  210 	ret
      000094                        211 00157$:
                                    212 ;	src/flash_driver.c: 99: SPI_READ8(buff[i]); // since fast operation is required, directly calling the macro here
      000094 35 FF 52 04      [ 1]  213 	mov	0x5204+0, #0xff
      000098                        214 00103$:
      000098 C6 52 03         [ 1]  215 	ld	a, 0x5203
      00009B A5 02            [ 1]  216 	bcp	a, #0x02
      00009D 27 F9            [ 1]  217 	jreq	00103$
      00009F C6 52 04         [ 1]  218 	ld	a, 0x5204
      0000A2                        219 00109$:
      0000A2 C6 52 03         [ 1]  220 	ld	a, 0x5203
      0000A5 44               [ 1]  221 	srl	a
      0000A6 24 FA            [ 1]  222 	jrnc	00109$
      0000A8 90 93            [ 1]  223 	ldw	y, x
      0000AA 72 F9 03         [ 2]  224 	addw	y, (0x03, sp)
      0000AD C6 52 04         [ 1]  225 	ld	a, 0x5204
      0000B0 90 F7            [ 1]  226 	ld	(y), a
      0000B2 C6 52 04         [ 1]  227 	ld	a, 0x5204
      0000B5 90 F7            [ 1]  228 	ld	(y), a
                                    229 ;	src/flash_driver.c: 100: i++;
      0000B7 5C               [ 1]  230 	incw	x
      0000B8 20 D5            [ 2]  231 	jra	00115$
                                    232 ;	src/flash_driver.c: 102: }
      0000BA 81               [ 4]  233 	ret
                                    234 ;	src/flash_driver.c: 110: uint8_t flash_read_sreg(uint8_t sreg_no)
                                    235 ;	-----------------------------------------
                                    236 ;	 function flash_read_sreg
                                    237 ;	-----------------------------------------
      0000BB                        238 _flash_read_sreg:
      0000BB 88               [ 1]  239 	push	a
                                    240 ;	src/flash_driver.c: 112: uint8_t sreg_val = 0; 
      0000BC 0F 01            [ 1]  241 	clr	(0x01, sp)
                                    242 ;	src/flash_driver.c: 114: if (sreg_no == 1 || sreg_no == 2)
      0000BE 7B 04            [ 1]  243 	ld	a, (0x04, sp)
      0000C0 4A               [ 1]  244 	dec	a
      0000C1 26 03            [ 1]  245 	jrne	00120$
      0000C3 A6 01            [ 1]  246 	ld	a, #0x01
      0000C5 21                     247 	.byte 0x21
      0000C6                        248 00120$:
      0000C6 4F               [ 1]  249 	clr	a
      0000C7                        250 00121$:
      0000C7 4D               [ 1]  251 	tnz	a
      0000C8 26 08            [ 1]  252 	jrne	00104$
      0000CA 88               [ 1]  253 	push	a
      0000CB 7B 05            [ 1]  254 	ld	a, (0x05, sp)
      0000CD A1 02            [ 1]  255 	cp	a, #0x02
      0000CF 84               [ 1]  256 	pop	a
      0000D0 26 1E            [ 1]  257 	jrne	00105$
      0000D2                        258 00104$:
                                    259 ;	src/flash_driver.c: 116: spi_cs_active();
      0000D2 88               [ 1]  260 	push	a
      0000D3 CDr00r00         [ 4]  261 	call	_spi_cs_active
      0000D6 84               [ 1]  262 	pop	a
                                    263 ;	src/flash_driver.c: 117: if (sreg_no == 1)
      0000D7 4D               [ 1]  264 	tnz	a
      0000D8 27 08            [ 1]  265 	jreq	00102$
                                    266 ;	src/flash_driver.c: 118: spi_write_8bits(CMD_READ_SREG_BYTE1);
      0000DA 4B 05            [ 1]  267 	push	#0x05
      0000DC CDr00r00         [ 4]  268 	call	_spi_write_8bits
      0000DF 84               [ 1]  269 	pop	a
      0000E0 20 06            [ 2]  270 	jra	00103$
      0000E2                        271 00102$:
                                    272 ;	src/flash_driver.c: 120: spi_write_8bits(CMD_READ_SREG_BYTE2);
      0000E2 4B 35            [ 1]  273 	push	#0x35
      0000E4 CDr00r00         [ 4]  274 	call	_spi_write_8bits
      0000E7 84               [ 1]  275 	pop	a
      0000E8                        276 00103$:
                                    277 ;	src/flash_driver.c: 122: sreg_val = spi_read_8bits();
      0000E8 CDr00r00         [ 4]  278 	call	_spi_read_8bits
      0000EB 6B 01            [ 1]  279 	ld	(0x01, sp), a
                                    280 ;	src/flash_driver.c: 123: spi_cs_idle();
      0000ED CDr00r00         [ 4]  281 	call	_spi_cs_idle
      0000F0                        282 00105$:
                                    283 ;	src/flash_driver.c: 126: return sreg_val;
      0000F0 7B 01            [ 1]  284 	ld	a, (0x01, sp)
                                    285 ;	src/flash_driver.c: 127: }
      0000F2 5B 01            [ 2]  286 	addw	sp, #1
      0000F4 81               [ 4]  287 	ret
                                    288 ;	src/flash_driver.c: 135: void flash_write_sreg(uint8_t sreg_byte1, uint8_t sreg_byte2)
                                    289 ;	-----------------------------------------
                                    290 ;	 function flash_write_sreg
                                    291 ;	-----------------------------------------
      0000F5                        292 _flash_write_sreg:
                                    293 ;	src/flash_driver.c: 137: spi_cs_active();
      0000F5 CDr00r00         [ 4]  294 	call	_spi_cs_active
                                    295 ;	src/flash_driver.c: 138: spi_write_8bits(CMD_WRITE_SREG);
      0000F8 4B 01            [ 1]  296 	push	#0x01
      0000FA CDr00r00         [ 4]  297 	call	_spi_write_8bits
      0000FD 84               [ 1]  298 	pop	a
                                    299 ;	src/flash_driver.c: 139: spi_write_8bits(sreg_byte1);
      0000FE 7B 03            [ 1]  300 	ld	a, (0x03, sp)
      000100 88               [ 1]  301 	push	a
      000101 CDr00r00         [ 4]  302 	call	_spi_write_8bits
      000104 84               [ 1]  303 	pop	a
                                    304 ;	src/flash_driver.c: 140: spi_write_8bits(sreg_byte2);
      000105 7B 04            [ 1]  305 	ld	a, (0x04, sp)
      000107 88               [ 1]  306 	push	a
      000108 CDr00r00         [ 4]  307 	call	_spi_write_8bits
      00010B 84               [ 1]  308 	pop	a
                                    309 ;	src/flash_driver.c: 141: spi_cs_idle();
                                    310 ;	src/flash_driver.c: 142: }
      00010C CCr00r00         [ 2]  311 	jp	_spi_cs_idle
                                    312 ;	src/flash_driver.c: 148: void flash_busy_wait()
                                    313 ;	-----------------------------------------
                                    314 ;	 function flash_busy_wait
                                    315 ;	-----------------------------------------
      00010F                        316 _flash_busy_wait:
                                    317 ;	src/flash_driver.c: 153: do
      00010F                        318 00101$:
                                    319 ;	src/flash_driver.c: 155: sreg_val = flash_read_sreg(1);
      00010F 4B 01            [ 1]  320 	push	#0x01
      000111 CDr00rBB         [ 4]  321 	call	_flash_read_sreg
      000114 5B 01            [ 2]  322 	addw	sp, #1
                                    323 ;	src/flash_driver.c: 156: } while (sreg_val & (1 << SREG_BYTE1_BSY));
      000116 44               [ 1]  324 	srl	a
      000117 25 F6            [ 1]  325 	jrc	00101$
                                    326 ;	src/flash_driver.c: 158: }
      000119 81               [ 4]  327 	ret
                                    328 ;	src/flash_driver.c: 167: void flash_erase_block(uint32_t addr, uint8_t cmd_block_erase)
                                    329 ;	-----------------------------------------
                                    330 ;	 function flash_erase_block
                                    331 ;	-----------------------------------------
      00011A                        332 _flash_erase_block:
                                    333 ;	src/flash_driver.c: 169: spi_cs_active();
      00011A CDr00r00         [ 4]  334 	call	_spi_cs_active
                                    335 ;	src/flash_driver.c: 170: spi_write_8bits(cmd_block_erase);
      00011D 7B 07            [ 1]  336 	ld	a, (0x07, sp)
      00011F 88               [ 1]  337 	push	a
      000120 CDr00r00         [ 4]  338 	call	_spi_write_8bits
      000123 84               [ 1]  339 	pop	a
                                    340 ;	src/flash_driver.c: 171: spi_write_24bits(addr);
      000124 1E 05            [ 2]  341 	ldw	x, (0x05, sp)
      000126 89               [ 2]  342 	pushw	x
      000127 1E 05            [ 2]  343 	ldw	x, (0x05, sp)
      000129 89               [ 2]  344 	pushw	x
      00012A CDr00r00         [ 4]  345 	call	_spi_write_24bits
      00012D 5B 04            [ 2]  346 	addw	sp, #4
                                    347 ;	src/flash_driver.c: 172: spi_cs_idle();
                                    348 ;	src/flash_driver.c: 173: }
      00012F CCr00r00         [ 2]  349 	jp	_spi_cs_idle
                                    350 ;	src/flash_driver.c: 179: void flash_write_enable()
                                    351 ;	-----------------------------------------
                                    352 ;	 function flash_write_enable
                                    353 ;	-----------------------------------------
      000132                        354 _flash_write_enable:
                                    355 ;	src/flash_driver.c: 181: spi_cs_active();
      000132 CDr00r00         [ 4]  356 	call	_spi_cs_active
                                    357 ;	src/flash_driver.c: 182: spi_write_8bits(CMD_WRITE_ENABLE);
      000135 4B 06            [ 1]  358 	push	#0x06
      000137 CDr00r00         [ 4]  359 	call	_spi_write_8bits
      00013A 84               [ 1]  360 	pop	a
                                    361 ;	src/flash_driver.c: 183: spi_cs_idle();
                                    362 ;	src/flash_driver.c: 184: }
      00013B CCr00r00         [ 2]  363 	jp	_spi_cs_idle
                                    364 ;	src/flash_driver.c: 189: void flash_erase_chip()
                                    365 ;	-----------------------------------------
                                    366 ;	 function flash_erase_chip
                                    367 ;	-----------------------------------------
      00013E                        368 _flash_erase_chip:
                                    369 ;	src/flash_driver.c: 191: spi_cs_active();
      00013E CDr00r00         [ 4]  370 	call	_spi_cs_active
                                    371 ;	src/flash_driver.c: 192: spi_write_8bits(CMD_CHIP_ERASE);
      000141 4B 60            [ 1]  372 	push	#0x60
      000143 CDr00r00         [ 4]  373 	call	_spi_write_8bits
      000146 84               [ 1]  374 	pop	a
                                    375 ;	src/flash_driver.c: 193: spi_cs_idle();
                                    376 ;	src/flash_driver.c: 194: }
      000147 CCr00r00         [ 2]  377 	jp	_spi_cs_idle
                                    378 	.area CODE
                                    379 	.area CONST
                                    380 	.area INITIALIZER
                                    381 	.area CABS (ABS)
