                                      1 ;--------------------------------------------------------
                                      2 ; File Created by SDCC : free open source ANSI-C Compiler
                                      3 ; Version 4.0.0 #11528 (Linux)
                                      4 ;--------------------------------------------------------
                                      5 	.module spi
                                      6 	.optsdcc -mstm8
                                      7 	
                                      8 ;--------------------------------------------------------
                                      9 ; Public variables in this module
                                     10 ;--------------------------------------------------------
                                     11 	.globl _spi_config
                                     12 	.globl _spi_busy_wait
                                     13 	.globl _spi_write_24bits
                                     14 	.globl _spi_write_8bits
                                     15 	.globl _spi_read_8bits
                                     16 	.globl _spi_cs_active
                                     17 	.globl _spi_cs_idle
                                     18 ;--------------------------------------------------------
                                     19 ; ram data
                                     20 ;--------------------------------------------------------
                                     21 	.area DATA
                                     22 ;--------------------------------------------------------
                                     23 ; ram data
                                     24 ;--------------------------------------------------------
                                     25 	.area INITIALIZED
                                     26 ;--------------------------------------------------------
                                     27 ; absolute external ram data
                                     28 ;--------------------------------------------------------
                                     29 	.area DABS (ABS)
                                     30 
                                     31 ; default segment ordering for linker
                                     32 	.area HOME
                                     33 	.area GSINIT
                                     34 	.area GSFINAL
                                     35 	.area CONST
                                     36 	.area INITIALIZER
                                     37 	.area CODE
                                     38 
                                     39 ;--------------------------------------------------------
                                     40 ; global & static initialisations
                                     41 ;--------------------------------------------------------
                                     42 	.area HOME
                                     43 	.area GSINIT
                                     44 	.area GSFINAL
                                     45 	.area GSINIT
                                     46 ;--------------------------------------------------------
                                     47 ; Home
                                     48 ;--------------------------------------------------------
                                     49 	.area HOME
                                     50 	.area HOME
                                     51 ;--------------------------------------------------------
                                     52 ; code
                                     53 ;--------------------------------------------------------
                                     54 	.area CODE
                                     55 ;	src/spi.c: 6: void spi_config()
                                     56 ;	-----------------------------------------
                                     57 ;	 function spi_config
                                     58 ;	-----------------------------------------
      000000                         59 _spi_config:
                                     60 ;	src/spi.c: 9: PORT(SPI_PORT, DDR) |= SPI_CLK | SPI_MOSI; // clock and MOSI
      000000 C6 50 0C         [ 1]   61 	ld	a, 0x500c
      000003 AA 60            [ 1]   62 	or	a, #0x60
      000005 C7 50 0C         [ 1]   63 	ld	0x500c, a
                                     64 ;	src/spi.c: 10: PORT(SPI_PORT, CR1) |= SPI_CLK | SPI_MOSI | SPI_MISO;
      000008 C6 50 0D         [ 1]   65 	ld	a, 0x500d
      00000B AA E0            [ 1]   66 	or	a, #0xe0
      00000D C7 50 0D         [ 1]   67 	ld	0x500d, a
                                     68 ;	src/spi.c: 13: PORT(SPI_PORT, DDR) |= SPI_CS;
      000010 72 18 50 0C      [ 1]   69 	bset	20492, #4
                                     70 ;	src/spi.c: 14: PORT(SPI_PORT, CR1) |= SPI_CS;
      000014 72 18 50 0D      [ 1]   71 	bset	20493, #4
                                     72 ;	src/spi.c: 15: PORT(SPI_PORT, ODR) |= SPI_CS; // CS high
      000018 72 18 50 0A      [ 1]   73 	bset	20490, #4
                                     74 ;	src/spi.c: 19: SPI_CR1 = 0;
      00001C 35 00 52 00      [ 1]   75 	mov	0x5200+0, #0x00
                                     76 ;	src/spi.c: 20: SPI_CR2 = 0;
      000020 35 00 52 01      [ 1]   77 	mov	0x5201+0, #0x00
                                     78 ;	src/spi.c: 23: SPI_CR1 &= ~SPI_CR1_LSBFIRST;
      000024 72 1F 52 00      [ 1]   79 	bres	20992, #7
                                     80 ;	src/spi.c: 25: SPI_CR1 |= SPI_CR1_BR(0b111);
      000028 C6 52 00         [ 1]   81 	ld	a, 0x5200
      00002B AA 38            [ 1]   82 	or	a, #0x38
      00002D C7 52 00         [ 1]   83 	ld	0x5200, a
                                     84 ;	src/spi.c: 29: SPI_CR1 &= ~SPI_CR1_CPOL;
      000030 72 13 52 00      [ 1]   85 	bres	20992, #1
                                     86 ;	src/spi.c: 31: SPI_CR1 &= ~SPI_CR1_CPHA;
      000034 72 11 52 00      [ 1]   87 	bres	20992, #0
                                     88 ;	src/spi.c: 33: SPI_CR2 |= SPI_CR2_SSM; // bit 1 SSM=1 Software slave management, enabled
      000038 72 12 52 01      [ 1]   89 	bset	20993, #1
                                     90 ;	src/spi.c: 34: SPI_CR2 |= SPI_CR2_SSI; // bit 0 SSI=1 Internal slave select, Master mode
      00003C 72 10 52 01      [ 1]   91 	bset	20993, #0
                                     92 ;	src/spi.c: 35: SPI_CR1 |= SPI_CR1_MSTR;  // CR1 bit 2 MSTR = 1, Master configuration.
      000040 72 14 52 00      [ 1]   93 	bset	20992, #2
                                     94 ;	src/spi.c: 36: SPI_CR1 |= SPI_CR1_SPE; // Enable SPI
      000044 72 1C 52 00      [ 1]   95 	bset	20992, #6
                                     96 ;	src/spi.c: 37: }
      000048 81               [ 4]   97 	ret
                                     98 ;	src/spi.c: 43: void spi_busy_wait()
                                     99 ;	-----------------------------------------
                                    100 ;	 function spi_busy_wait
                                    101 ;	-----------------------------------------
      000049                        102 _spi_busy_wait:
                                    103 ;	src/spi.c: 45: while (SPI_SR & SPI_SR_BSY);
      000049                        104 00101$:
      000049 C6 52 03         [ 1]  105 	ld	a, 0x5203
      00004C 2B FB            [ 1]  106 	jrmi	00101$
                                    107 ;	src/spi.c: 46: }
      00004E 81               [ 4]  108 	ret
                                    109 ;	src/spi.c: 52: void spi_write_24bits(uint32_t data)
                                    110 ;	-----------------------------------------
                                    111 ;	 function spi_write_24bits
                                    112 ;	-----------------------------------------
      00004F                        113 _spi_write_24bits:
                                    114 ;	src/spi.c: 59: SPI_WRITE8(data >> 16);
      00004F 1E 03            [ 2]  115 	ldw	x, (0x03, sp)
      000051 9F               [ 1]  116 	ld	a, xl
      000052 C7 52 04         [ 1]  117 	ld	0x5204, a
      000055                        118 00101$:
      000055 C6 52 03         [ 1]  119 	ld	a, 0x5203
      000058 A5 02            [ 1]  120 	bcp	a, #0x02
      00005A 27 F9            [ 1]  121 	jreq	00101$
      00005C C6 52 04         [ 1]  122 	ld	a, 0x5204
                                    123 ;	src/spi.c: 60: SPI_WRITE8(data >> 8);
      00005F 1E 05            [ 2]  124 	ldw	x, (0x05, sp)
      000061 9E               [ 1]  125 	ld	a, xh
      000062 5F               [ 1]  126 	clrw	x
      000063 C7 52 04         [ 1]  127 	ld	0x5204, a
      000066                        128 00107$:
      000066 C6 52 03         [ 1]  129 	ld	a, 0x5203
      000069 A5 02            [ 1]  130 	bcp	a, #0x02
      00006B 27 F9            [ 1]  131 	jreq	00107$
      00006D C6 52 04         [ 1]  132 	ld	a, 0x5204
                                    133 ;	src/spi.c: 61: SPI_WRITE8(data >> 0);
      000070 7B 06            [ 1]  134 	ld	a, (0x06, sp)
      000072 C7 52 04         [ 1]  135 	ld	0x5204, a
      000075                        136 00113$:
      000075 C6 52 03         [ 1]  137 	ld	a, 0x5203
      000078 A5 02            [ 1]  138 	bcp	a, #0x02
      00007A 27 F9            [ 1]  139 	jreq	00113$
      00007C C6 52 04         [ 1]  140 	ld	a, 0x5204
                                    141 ;	src/spi.c: 62: }
      00007F 81               [ 4]  142 	ret
                                    143 ;	src/spi.c: 68: void spi_write_8bits(uint8_t data)
                                    144 ;	-----------------------------------------
                                    145 ;	 function spi_write_8bits
                                    146 ;	-----------------------------------------
      000080                        147 _spi_write_8bits:
                                    148 ;	src/spi.c: 70: SPI_WRITE8(data);
      000080 AE 52 04         [ 2]  149 	ldw	x, #0x5204
      000083 7B 03            [ 1]  150 	ld	a, (0x03, sp)
      000085 F7               [ 1]  151 	ld	(x), a
      000086                        152 00101$:
      000086 C6 52 03         [ 1]  153 	ld	a, 0x5203
      000089 A5 02            [ 1]  154 	bcp	a, #0x02
      00008B 27 F9            [ 1]  155 	jreq	00101$
      00008D C6 52 04         [ 1]  156 	ld	a, 0x5204
                                    157 ;	src/spi.c: 71: }
      000090 81               [ 4]  158 	ret
                                    159 ;	src/spi.c: 77: uint8_t spi_read_8bits()
                                    160 ;	-----------------------------------------
                                    161 ;	 function spi_read_8bits
                                    162 ;	-----------------------------------------
      000091                        163 _spi_read_8bits:
                                    164 ;	src/spi.c: 80: SPI_READ8(d);
      000091 35 FF 52 04      [ 1]  165 	mov	0x5204+0, #0xff
      000095                        166 00101$:
      000095 C6 52 03         [ 1]  167 	ld	a, 0x5203
      000098 A5 02            [ 1]  168 	bcp	a, #0x02
      00009A 27 F9            [ 1]  169 	jreq	00101$
      00009C C6 52 04         [ 1]  170 	ld	a, 0x5204
      00009F                        171 00107$:
      00009F C6 52 03         [ 1]  172 	ld	a, 0x5203
      0000A2 44               [ 1]  173 	srl	a
      0000A3 24 FA            [ 1]  174 	jrnc	00107$
      0000A5 C6 52 04         [ 1]  175 	ld	a, 0x5204
      0000A8 C6 52 04         [ 1]  176 	ld	a, 0x5204
                                    177 ;	src/spi.c: 81: return d;
                                    178 ;	src/spi.c: 82: }
      0000AB 81               [ 4]  179 	ret
                                    180 ;	src/spi.c: 88: void spi_cs_active()
                                    181 ;	-----------------------------------------
                                    182 ;	 function spi_cs_active
                                    183 ;	-----------------------------------------
      0000AC                        184 _spi_cs_active:
                                    185 ;	src/spi.c: 90: SPI_CS_ACTIVE();
      0000AC 72 19 50 0A      [ 1]  186 	bres	20490, #4
                                    187 ;	src/spi.c: 91: }
      0000B0 81               [ 4]  188 	ret
                                    189 ;	src/spi.c: 97: void spi_cs_idle()
                                    190 ;	-----------------------------------------
                                    191 ;	 function spi_cs_idle
                                    192 ;	-----------------------------------------
      0000B1                        193 _spi_cs_idle:
                                    194 ;	src/spi.c: 99: SPI_CS_IDLE();
      0000B1                        195 00101$:
      0000B1 C6 52 03         [ 1]  196 	ld	a, 0x5203
      0000B4 2B FB            [ 1]  197 	jrmi	00101$
      0000B6 72 18 50 0A      [ 1]  198 	bset	20490, #4
                                    199 ;	src/spi.c: 100: }
      0000BA 81               [ 4]  200 	ret
                                    201 	.area CODE
                                    202 	.area CONST
                                    203 	.area INITIALIZER
                                    204 	.area CABS (ABS)
